{"/Users/filippov/Projects/loan-calculator/src/services/payment-plan-calculator.js": {"path":"/Users/filippov/Projects/loan-calculator/src/services/payment-plan-calculator.js","statementMap":{"0":{"start":{"line":4,"column":28},"end":{"line":7,"column":1}},"1":{"start":{"line":5,"column":19},"end":{"line":5,"column":41}},"2":{"start":{"line":6,"column":2},"end":{"line":6,"column":65}},"3":{"start":{"line":13,"column":39},"end":{"line":14,"column":73}},"4":{"start":{"line":14,"column":2},"end":{"line":14,"column":73}},"5":{"start":{"line":17,"column":38},"end":{"line":17,"column":83}},"6":{"start":{"line":17,"column":60},"end":{"line":17,"column":83}},"7":{"start":{"line":20,"column":44},"end":{"line":44,"column":1}},"8":{"start":{"line":21,"column":25},"end":{"line":21,"column":26}},"9":{"start":{"line":22,"column":16},"end":{"line":22,"column":18}},"10":{"start":{"line":23,"column":26},"end":{"line":23,"column":49}},"11":{"start":{"line":25,"column":2},"end":{"line":41,"column":37}},"12":{"start":{"line":26,"column":4},"end":{"line":26,"column":45}},"13":{"start":{"line":28,"column":4},"end":{"line":31,"column":5}},"14":{"start":{"line":29,"column":25},"end":{"line":29,"column":124}},"15":{"start":{"line":30,"column":6},"end":{"line":30,"column":71}},"16":{"start":{"line":33,"column":4},"end":{"line":33,"column":95}},"17":{"start":{"line":35,"column":4},"end":{"line":38,"column":5}},"18":{"start":{"line":36,"column":36},"end":{"line":36,"column":102}},"19":{"start":{"line":37,"column":6},"end":{"line":37,"column":94}},"20":{"start":{"line":40,"column":4},"end":{"line":40,"column":24}},"21":{"start":{"line":43,"column":2},"end":{"line":43,"column":25}},"22":{"start":{"line":47,"column":36},"end":{"line":56,"column":1}},"23":{"start":{"line":48,"column":29},"end":{"line":48,"column":31}},"24":{"start":{"line":49,"column":2},"end":{"line":53,"column":8}},"25":{"start":{"line":50,"column":24},"end":{"line":50,"column":69}},"26":{"start":{"line":51,"column":4},"end":{"line":51,"column":41}},"27":{"start":{"line":52,"column":4},"end":{"line":52,"column":23}},"28":{"start":{"line":55,"column":2},"end":{"line":55,"column":28}},"29":{"start":{"line":59,"column":35},"end":{"line":63,"column":1}},"30":{"start":{"line":60,"column":2},"end":{"line":62,"column":8}},"31":{"start":{"line":61,"column":4},"end":{"line":61,"column":57}},"32":{"start":{"line":69,"column":73},"end":{"line":89,"column":1}},"33":{"start":{"line":70,"column":25},"end":{"line":70,"column":26}},"34":{"start":{"line":71,"column":26},"end":{"line":71,"column":76}},"35":{"start":{"line":72,"column":29},"end":{"line":73,"column":21}},"36":{"start":{"line":74,"column":30},"end":{"line":76,"column":3}},"37":{"start":{"line":77,"column":29},"end":{"line":77,"column":70}},"38":{"start":{"line":78,"column":2},"end":{"line":80,"column":5}},"39":{"start":{"line":79,"column":4},"end":{"line":79,"column":56}},"40":{"start":{"line":82,"column":2},"end":{"line":88,"column":4}}},"fnMap":{"0":{"name":"(anonymous_0)","decl":{"start":{"line":4,"column":28},"end":{"line":4,"column":29}},"loc":{"start":{"line":4,"column":70},"end":{"line":7,"column":1}},"line":4},"1":{"name":"(anonymous_1)","decl":{"start":{"line":13,"column":39},"end":{"line":13,"column":40}},"loc":{"start":{"line":14,"column":2},"end":{"line":14,"column":73}},"line":14},"2":{"name":"(anonymous_2)","decl":{"start":{"line":17,"column":38},"end":{"line":17,"column":39}},"loc":{"start":{"line":17,"column":60},"end":{"line":17,"column":83}},"line":17},"3":{"name":"(anonymous_3)","decl":{"start":{"line":20,"column":44},"end":{"line":20,"column":45}},"loc":{"start":{"line":20,"column":117},"end":{"line":44,"column":1}},"line":20},"4":{"name":"(anonymous_4)","decl":{"start":{"line":25,"column":25},"end":{"line":25,"column":26}},"loc":{"start":{"line":25,"column":70},"end":{"line":41,"column":3}},"line":25},"5":{"name":"(anonymous_5)","decl":{"start":{"line":47,"column":36},"end":{"line":47,"column":37}},"loc":{"start":{"line":47,"column":59},"end":{"line":56,"column":1}},"line":47},"6":{"name":"(anonymous_6)","decl":{"start":{"line":49,"column":29},"end":{"line":49,"column":30}},"loc":{"start":{"line":49,"column":60},"end":{"line":53,"column":3}},"line":49},"7":{"name":"(anonymous_7)","decl":{"start":{"line":59,"column":35},"end":{"line":59,"column":36}},"loc":{"start":{"line":59,"column":58},"end":{"line":63,"column":1}},"line":59},"8":{"name":"(anonymous_8)","decl":{"start":{"line":60,"column":36},"end":{"line":60,"column":37}},"loc":{"start":{"line":60,"column":67},"end":{"line":62,"column":3}},"line":60},"9":{"name":"(anonymous_9)","decl":{"start":{"line":69,"column":15},"end":{"line":69,"column":16}},"loc":{"start":{"line":69,"column":73},"end":{"line":89,"column":1}},"line":69},"10":{"name":"(anonymous_10)","decl":{"start":{"line":69,"column":73},"end":{"line":69,"column":74}},"loc":{"start":{"line":69,"column":83},"end":{"line":89,"column":1}},"line":69},"11":{"name":"(anonymous_11)","decl":{"start":{"line":78,"column":30},"end":{"line":78,"column":31}},"loc":{"start":{"line":78,"column":54},"end":{"line":80,"column":3}},"line":78}},"branchMap":{"0":{"loc":{"start":{"line":6,"column":9},"end":{"line":6,"column":64}},"type":"cond-expr","locations":[{"start":{"line":6,"column":38},"end":{"line":6,"column":51}},{"start":{"line":6,"column":54},"end":{"line":6,"column":64}}],"line":6},"1":{"loc":{"start":{"line":28,"column":4},"end":{"line":31,"column":5}},"type":"if","locations":[{"start":{"line":28,"column":4},"end":{"line":31,"column":5}},{"start":{"line":28,"column":4},"end":{"line":31,"column":5}}],"line":28},"2":{"loc":{"start":{"line":35,"column":4},"end":{"line":38,"column":5}},"type":"if","locations":[{"start":{"line":35,"column":4},"end":{"line":38,"column":5}},{"start":{"line":35,"column":4},"end":{"line":38,"column":5}}],"line":35}},"s":{"0":1,"1":4,"2":4,"3":1,"4":2,"5":1,"6":10,"7":1,"8":3,"9":3,"10":3,"11":3,"12":9,"13":9,"14":6,"15":6,"16":9,"17":9,"18":3,"19":3,"20":9,"21":3,"22":1,"23":2,"24":2,"25":5,"26":5,"27":5,"28":2,"29":1,"30":2,"31":5,"32":1,"33":1,"34":1,"35":1,"36":1,"37":1,"38":1,"39":3,"40":1},"f":{"0":4,"1":2,"2":10,"3":3,"4":9,"5":2,"6":5,"7":2,"8":5,"9":1,"10":1,"11":3},"b":{"0":[1,3],"1":[6,3],"2":[3,6]},"_coverageSchema":"332fd63041d2c1bcb487cc26dd0d5f7d97098a6c","hash":"1d499ee93d3551c452ed5b7ad8a64f409565a201"}
,"/Users/filippov/Projects/loan-calculator/src/utils/utils.js": {"path":"/Users/filippov/Projects/loan-calculator/src/utils/utils.js","statementMap":{"0":{"start":{"line":1,"column":23},"end":{"line":3,"column":29}},"1":{"start":{"line":2,"column":2},"end":{"line":3,"column":29}},"2":{"start":{"line":5,"column":29},"end":{"line":11,"column":1}},"3":{"start":{"line":6,"column":19},"end":{"line":6,"column":21}},"4":{"start":{"line":7,"column":2},"end":{"line":9,"column":3}},"5":{"start":{"line":8,"column":4},"end":{"line":8,"column":45}},"6":{"start":{"line":10,"column":2},"end":{"line":10,"column":18}}},"fnMap":{"0":{"name":"(anonymous_0)","decl":{"start":{"line":1,"column":23},"end":{"line":1,"column":24}},"loc":{"start":{"line":2,"column":2},"end":{"line":3,"column":29}},"line":2},"1":{"name":"(anonymous_1)","decl":{"start":{"line":5,"column":29},"end":{"line":5,"column":30}},"loc":{"start":{"line":5,"column":54},"end":{"line":11,"column":1}},"line":5}},"branchMap":{"0":{"loc":{"start":{"line":5,"column":37},"end":{"line":5,"column":49}},"type":"default-arg","locations":[{"start":{"line":5,"column":47},"end":{"line":5,"column":49}}],"line":5}},"s":{"0":2,"1":3,"2":2,"3":4,"4":4,"5":14,"6":4},"f":{"0":3,"1":4},"b":{"0":[4]},"_coverageSchema":"332fd63041d2c1bcb487cc26dd0d5f7d97098a6c","hash":"0f34ed308fb0fd2965f7ec9cea0787691fd4793d"}
}
