TN:
SF:/Users/filippov/Projects/loan-calculator/src/services/payment-plan-calculator.js
FN:4,(anonymous_0)
FN:13,(anonymous_1)
FN:17,(anonymous_2)
FN:20,(anonymous_3)
FN:25,(anonymous_4)
FN:47,(anonymous_5)
FN:49,(anonymous_6)
FN:59,(anonymous_7)
FN:60,(anonymous_8)
FN:69,(anonymous_9)
FN:69,(anonymous_10)
FN:78,(anonymous_11)
FNF:12
FNH:12
FNDA:4,(anonymous_0)
FNDA:2,(anonymous_1)
FNDA:10,(anonymous_2)
FNDA:3,(anonymous_3)
FNDA:9,(anonymous_4)
FNDA:2,(anonymous_5)
FNDA:5,(anonymous_6)
FNDA:2,(anonymous_7)
FNDA:5,(anonymous_8)
FNDA:1,(anonymous_9)
FNDA:1,(anonymous_10)
FNDA:3,(anonymous_11)
DA:4,1
DA:5,4
DA:6,4
DA:13,1
DA:14,2
DA:17,10
DA:20,1
DA:21,3
DA:22,3
DA:23,3
DA:25,3
DA:26,9
DA:28,9
DA:29,6
DA:30,6
DA:33,9
DA:35,9
DA:36,3
DA:37,3
DA:40,9
DA:43,3
DA:47,1
DA:48,2
DA:49,2
DA:50,5
DA:51,5
DA:52,5
DA:55,2
DA:59,1
DA:60,2
DA:61,5
DA:69,1
DA:70,1
DA:71,1
DA:72,1
DA:74,1
DA:77,1
DA:78,1
DA:79,3
DA:82,1
LF:40
LH:40
BRDA:6,0,0,1
BRDA:6,0,1,3
BRDA:28,1,0,6
BRDA:28,1,1,3
BRDA:35,2,0,3
BRDA:35,2,1,6
BRF:6
BRH:6
end_of_record
TN:
SF:/Users/filippov/Projects/loan-calculator/src/utils/utils.js
FN:1,(anonymous_0)
FN:5,(anonymous_1)
FNF:2
FNH:2
FNDA:3,(anonymous_0)
FNDA:4,(anonymous_1)
DA:1,2
DA:2,3
DA:5,2
DA:6,4
DA:7,4
DA:8,14
DA:10,4
LF:7
LH:7
BRDA:5,0,0,4
BRF:1
BRH:1
end_of_record
